<?xml version="1.0" encoding="UTF-8"?>
<!-- Generated by org.testng.reporters.JUnitReportReporter -->
<testsuite hostname="DESKTOP-G9MM921" failures="0" tests="1" name="APITests" time="2.289" errors="0" timestamp="2023-06-11T20:14:37 BOT" skipped="0">
  <testcase classname="APITests" name="test1" time="2.289"/>
</testsuite> <!-- APITests -->
